  icode   ic inum1 inum2 inum3   subed  recmonps reccnstps  flow(m^3)   sed(t)      orgn(kg)    orgp(kg)    nitrate(kg) sol.p(kg)   sol.pst(mg) sor.pst(mg)
       1        1        1        0        0        0                         0.3313E+09  0.2292E+07  0.3182E+07  0.1254E+07  0.6778E+06  0.5380E+04  0.0000E+00  0.0000E+00
       1        2        2        0        0        0                         0.1022E+09  0.1880E+07  0.1574E+07  0.6295E+06  0.1725E+06  0.1426E+04  0.0000E+00  0.0000E+00
       1        3        3        0        0        0                         0.3155E+09  0.4264E+07  0.4210E+07  0.1732E+07  0.4822E+06  0.5242E+04  0.0000E+00  0.0000E+00
       1        4        4        0        0        0                         0.2261E+09  0.2327E+07  0.2500E+07  0.9942E+06  0.4213E+06  0.3703E+04  0.0000E+00  0.0000E+00
       1        5        5        0        0        0                         0.9589E+09  0.6008E+07  0.1036E+08  0.4042E+07  0.1325E+07  0.1782E+05  0.0000E+00  0.0000E+00
       1        6        6        0        0        0                         0.4528E+09  0.6933E+07  0.6420E+07  0.2602E+07  0.2956E+06  0.8380E+04  0.0000E+00  0.0000E+00
       1        7        7        0        0        0                         0.8009E+09  0.2623E+07  0.5967E+07  0.2352E+07  0.1743E+07  0.1403E+05  0.0000E+00  0.0000E+00
       1        8        8        0        0        0                         0.1752E+10  0.2119E+08  0.2462E+08  0.9364E+07  0.3030E+07  0.2630E+05  0.0000E+00  0.0000E+00
       1        9        9        0        0        0                         0.1141E+10  0.6762E+07  0.1137E+08  0.4534E+07  0.1433E+07  0.2240E+05  0.0000E+00  0.0000E+00
       1       10       10        0        0        0                         0.6417E+09  0.9035E+07  0.1002E+08  0.3878E+07  0.1191E+07  0.1031E+05  0.0000E+00  0.0000E+00
       1       11       11        0        0        0                         0.2964E+10  0.1414E+08  0.1975E+08  0.7609E+07  0.4270E+07  0.4396E+05  0.0000E+00  0.0000E+00
       1       12       12        0        0        0                         0.1525E+10  0.2836E+07  0.9314E+07  0.3265E+07  0.1156E+07  0.3232E+05  0.0000E+00  0.0000E+00
       1       13       13        0        0        0                         0.2698E+10  0.9949E+07  0.1544E+08  0.5900E+07  0.4595E+07  0.3478E+05  0.0000E+00  0.0000E+00
       1       14       14        0        0        0                         0.4441E+10  0.1215E+08  0.2871E+08  0.1044E+08  0.7524E+07  0.7851E+05  0.0000E+00  0.0000E+00
       1       15       15        0        0        0                         0.6152E+09  0.1850E+07  0.2771E+07  0.1069E+07  0.1021E+07  0.9006E+04  0.0000E+00  0.0000E+00
       1       16       16        0        0        0                         0.1182E+10  0.2316E+07  0.4500E+07  0.1874E+07  0.1947E+07  0.2307E+05  0.0000E+00  0.0000E+00
       1       17       17        0        0        0                         0.2384E+10  0.4010E+07  0.1052E+08  0.4001E+07  0.4000E+07  0.3870E+05  0.0000E+00  0.0000E+00
       1       18       18        0        0        0                         0.1479E+10  0.1523E+07  0.4580E+07  0.1942E+07  0.2858E+07  0.3208E+05  0.0000E+00  0.0000E+00
       1       19       19        0        0        0                         0.2069E+10  0.8304E+07  0.1245E+08  0.4581E+07  0.3661E+07  0.3233E+05  0.0000E+00  0.0000E+00
       1       20       20        0        0        0                         0.1781E+10  0.6799E+07  0.1089E+08  0.4012E+07  0.3383E+07  0.2498E+05  0.0000E+00  0.0000E+00
       2       21        1        1        1        0                         0.3282E+09  0.2292E+07  0.3172E+07  0.1248E+07  0.6746E+06  0.8873E+04  0.0000E+00  0.0000E+00
       5       22        4       21        0        0                         0.5543E+09  0.4619E+07  0.5672E+07  0.2243E+07  0.1096E+07  0.1258E+05  0.0000E+00  0.0000E+00
       2       23        4       22        4        0                         0.5262E+09  0.1194E+06  0.5443E+07  0.2116E+07  0.1058E+07  0.3739E+05  0.0000E+00  0.0000E+00
       5       24        3       23        0        0                         0.8417E+09  0.4384E+07  0.9653E+07  0.3848E+07  0.1540E+07  0.4263E+05  0.0000E+00  0.0000E+00
       2       25        5        5        5        0                         0.8825E+09  0.5877E+07  0.9428E+07  0.3527E+07  0.1229E+07  0.7085E+05  0.0000E+00  0.0000E+00
       5       26       24       25        0        0                         0.1724E+10  0.1026E+08  0.1908E+08  0.7375E+07  0.2769E+07  0.1135E+06  0.0000E+00  0.0000E+00
       2       27        6        6        6        0                         0.4152E+09  0.6815E+07  0.6001E+07  0.2361E+07  0.2714E+06  0.3081E+05  0.0000E+00  0.0000E+00
       5       28       26       27        0        0                         0.2139E+10  0.1708E+08  0.2508E+08  0.9736E+07  0.3041E+07  0.1443E+06  0.0000E+00  0.0000E+00
       2       29        9        9        9        0                         0.1053E+10  0.6162E+07  0.9741E+07  0.3634E+07  0.1350E+07  0.1276E+06  0.0000E+00  0.0000E+00
       5       30        7       29        0        0                         0.1853E+10  0.8785E+07  0.1571E+08  0.5986E+07  0.3093E+07  0.1416E+06  0.0000E+00  0.0000E+00
       2       31       11       11       11        0                         0.2911E+10  0.1413E+08  0.1907E+08  0.7219E+07  0.4182E+07  0.1319E+06  0.0000E+00  0.0000E+00
       5       32       10       31        0        0                         0.3553E+10  0.2317E+08  0.2909E+08  0.1110E+08  0.5373E+07  0.1422E+06  0.0000E+00  0.0000E+00
       2       33       12       12       12        0                         0.1508E+10  0.2836E+07  0.9092E+07  0.3149E+07  0.1146E+07  0.8360E+05  0.0000E+00  0.0000E+00
       5       34       32       33        0        0                         0.5061E+10  0.2601E+08  0.3818E+08  0.1425E+08  0.6519E+07  0.2258E+06  0.0000E+00  0.0000E+00
       2       35       14       14       14        0                         0.4248E+10  0.1080E+08  0.2406E+08  0.8003E+07  0.7182E+07  0.5921E+06  0.0000E+00  0.0000E+00
       5       36       13       35        0        0                         0.6946E+10  0.2074E+08  0.3950E+08  0.1390E+08  0.1178E+08  0.6268E+06  0.0000E+00  0.0000E+00
       2       37       16       16       16        0                         0.1166E+10  0.2316E+07  0.4399E+07  0.1812E+07  0.1919E+07  0.5286E+05  0.0000E+00  0.0000E+00
       5       38       15       37        0        0                         0.1781E+10  0.4166E+07  0.7169E+07  0.2881E+07  0.2940E+07  0.6187E+05  0.0000E+00  0.0000E+00
       2       39       17       17       17        0                         0.2351E+10  0.4010E+07  0.1020E+08  0.3817E+07  0.3955E+07  0.1072E+06  0.0000E+00  0.0000E+00
       5       40       38       39        0        0                         0.4133E+10  0.8176E+07  0.1737E+08  0.6698E+07  0.6895E+07  0.1691E+06  0.0000E+00  0.0000E+00
       2       41       15       40       15        0                         0.4084E+10  0.5390E+06  0.1641E+08  0.6152E+07  0.6795E+07  0.4638E+06  0.0000E+00  0.0000E+00
       5       42       36       41        0        0                         0.1103E+11  0.2128E+08  0.5591E+08  0.2006E+08  0.1857E+08  0.1091E+07  0.0000E+00  0.0000E+00
       2       43       19       19       19        0                         0.2031E+10  0.8303E+07  0.1212E+08  0.4402E+07  0.3604E+07  0.9099E+05  0.0000E+00  0.0000E+00
       5       44       18       43        0        0                         0.3510E+10  0.9826E+07  0.1671E+08  0.6344E+07  0.6462E+07  0.1231E+06  0.0000E+00  0.0000E+00
       2       45       20       20       20        0                         0.1737E+10  0.6791E+07  0.1041E+08  0.3752E+07  0.3313E+07  0.7579E+05  0.0000E+00  0.0000E+00
       5       46       44       45        0        0                         0.5247E+10  0.1662E+08  0.2712E+08  0.1010E+08  0.9775E+07  0.1989E+06  0.0000E+00  0.0000E+00
       2       47       18       46       18        0                         0.5095E+10  0.1171E+07  0.2476E+08  0.8809E+07  0.9476E+07  0.6824E+06  0.0000E+00  0.0000E+00
       5       48       42       47        0        0                         0.1613E+11  0.2245E+08  0.8067E+08  0.2886E+08  0.2805E+08  0.1773E+07  0.0000E+00  0.0000E+00
       2       49       13       48       13        0                         0.1597E+11  0.2568E+07  0.7563E+08  0.2621E+08  0.2771E+08  0.3675E+07  0.0000E+00  0.0000E+00
       5       50       34       49        0        0                         0.2103E+11  0.2857E+08  0.1138E+09  0.4045E+08  0.3423E+08  0.3901E+07  0.0000E+00  0.0000E+00
       2       51       10       50       10        0                         0.2077E+11  0.4477E+07  0.1048E+09  0.3580E+08  0.3360E+08  0.7357E+07  0.0000E+00  0.0000E+00
       5       52        8       51        0        0                         0.2252E+11  0.2566E+08  0.1294E+09  0.4516E+08  0.3663E+08  0.7383E+07  0.0000E+00  0.0000E+00
       2       53        8       52        8        0                         0.2220E+11  0.5294E+07  0.1196E+09  0.4022E+08  0.3582E+08  0.1092E+08  0.0000E+00  0.0000E+00
       5       54       30       53        0        0                         0.2405E+11  0.1408E+08  0.1353E+09  0.4620E+08  0.3892E+08  0.1106E+08  0.0000E+00  0.0000E+00
       2       55        7       54        7        0                         0.2389E+11  0.3767E+07  0.1293E+09  0.4324E+08  0.3858E+08  0.1338E+08  0.0000E+00  0.0000E+00
       5       56       28       55        0        0                         0.2603E+11  0.2084E+08  0.1544E+09  0.5298E+08  0.4162E+08  0.1353E+08  0.0000E+00  0.0000E+00
       2       57        3       56        3        0                         0.2587E+11  0.4641E+07  0.1488E+09  0.5028E+08  0.4128E+08  0.1567E+08  0.0000E+00  0.0000E+00
       5       58        2       57        0        0                         0.2597E+11  0.6522E+07  0.1504E+09  0.5091E+08  0.4145E+08  0.1567E+08  0.0000E+00  0.0000E+00
       2       59        2       58        2        0                         0.2583E+11  0.5633E+07  0.1466E+09  0.4908E+08  0.4118E+08  0.1711E+08  0.0000E+00  0.0000E+00
      14       59        1        0        0        0                         0.2583E+11  0.5633E+07  0.1466E+09  0.4908E+08  0.4118E+08  0.1711E+08  0.0000E+00  0.0000E+00
