  icode   ic inum1 inum2 inum3   subed  recmonps reccnstps  flow(m^3)   sed(t)      orgn(kg)    orgp(kg)    nitrate(kg) sol.p(kg)   sol.pst(mg) sor.pst(mg)
       1        1        1        0        0        0                         0.1502E+09  0.1642E+07  0.2563E+07  0.8811E+06  0.1677E+06  0.2190E+04  0.0000E+00  0.0000E+00
       1        2        2        0        0        0                         0.4998E+08  0.1322E+07  0.1244E+07  0.4341E+06  0.4262E+05  0.5755E+03  0.0000E+00  0.0000E+00
       1        3        3        0        0        0                         0.1305E+09  0.3004E+07  0.3219E+07  0.1146E+07  0.1152E+06  0.1925E+04  0.0000E+00  0.0000E+00
       1        4        4        0        0        0                         0.9912E+08  0.1668E+07  0.1993E+07  0.6901E+06  0.1021E+06  0.1455E+04  0.0000E+00  0.0000E+00
       1        5        5        0        0        0                         0.3770E+09  0.4023E+07  0.7588E+07  0.2596E+07  0.3145E+06  0.6674E+04  0.0000E+00  0.0000E+00
       1        6        6        0        0        0                         0.1666E+09  0.3007E+07  0.4247E+07  0.1487E+07  0.7675E+05  0.3167E+04  0.0000E+00  0.0000E+00
       1        7        7        0        0        0                         0.4341E+09  0.2239E+07  0.5694E+07  0.1964E+07  0.5769E+06  0.6921E+04  0.0000E+00  0.0000E+00
       1        8        8        0        0        0                         0.9619E+09  0.2160E+08  0.2667E+08  0.9054E+07  0.1019E+07  0.1324E+05  0.0000E+00  0.0000E+00
       1        9        9        0        0        0                         0.3980E+09  0.1752E+07  0.4380E+07  0.1391E+07  0.7241E+06  0.8100E+04  0.0000E+00  0.0000E+00
       1       10       10        0        0        0                         0.3415E+09  0.3171E+07  0.5684E+07  0.1848E+07  0.7220E+06  0.6091E+04  0.0000E+00  0.0000E+00
       1       11       11        0        0        0                         0.2127E+10  0.1072E+08  0.1808E+08  0.6199E+07  0.2647E+07  0.2590E+05  0.0000E+00  0.0000E+00
       1       12       12        0        0        0                         0.7861E+09  0.1308E+07  0.5378E+07  0.1671E+07  0.4579E+06  0.1601E+05  0.0000E+00  0.0000E+00
       1       13       13        0        0        0                         0.2156E+10  0.7824E+07  0.1483E+08  0.5054E+07  0.3568E+07  0.2181E+05  0.0000E+00  0.0000E+00
       1       14       14        0        0        0                         0.2906E+10  0.6793E+07  0.2106E+08  0.6758E+07  0.3671E+07  0.4273E+05  0.0000E+00  0.0000E+00
       1       15       15        0        0        0                         0.4782E+09  0.1367E+07  0.2523E+07  0.8621E+06  0.7660E+06  0.5374E+04  0.0000E+00  0.0000E+00
       1       16       16        0        0        0                         0.7540E+09  0.1407E+07  0.3416E+07  0.1252E+07  0.9667E+06  0.1154E+05  0.0000E+00  0.0000E+00
       1       17       17        0        0        0                         0.1853E+10  0.2452E+07  0.8307E+07  0.2795E+07  0.2843E+07  0.2474E+05  0.0000E+00  0.0000E+00
       1       18       18        0        0        0                         0.7856E+09  0.6720E+06  0.2408E+07  0.9127E+06  0.9231E+06  0.1388E+05  0.0000E+00  0.0000E+00
       1       19       19        0        0        0                         0.1411E+10  0.4487E+07  0.8919E+07  0.2933E+07  0.1851E+07  0.1656E+05  0.0000E+00  0.0000E+00
       1       20       20        0        0        0                         0.1271E+10  0.3686E+07  0.7843E+07  0.2586E+07  0.1797E+07  0.1349E+05  0.0000E+00  0.0000E+00
       2       21        1        1        1        0                         0.1473E+09  0.1642E+07  0.2555E+07  0.8769E+06  0.1651E+06  0.4475E+04  0.0000E+00  0.0000E+00
       5       22        4       21        0        0                         0.2464E+09  0.3310E+07  0.4548E+07  0.1567E+07  0.2672E+06  0.5929E+04  0.0000E+00  0.0000E+00
       2       23        4       22        4        0                         0.2311E+09  0.2735E+07  0.4356E+07  0.1475E+07  0.2350E+06  0.1838E+05  0.0000E+00  0.0000E+00
       5       24        3       23        0        0                         0.3616E+09  0.5739E+07  0.7575E+07  0.2620E+07  0.3502E+06  0.2031E+05  0.0000E+00  0.0000E+00
       2       25        5        5        5        0                         0.3380E+09  0.3877E+07  0.6840E+07  0.2240E+07  0.2351E+06  0.3017E+05  0.0000E+00  0.0000E+00
       5       26       24       25        0        0                         0.6995E+09  0.9616E+07  0.1441E+08  0.4861E+07  0.5853E+06  0.5048E+05  0.0000E+00  0.0000E+00
       2       27        6        6        6        0                         0.1473E+09  0.2913E+07  0.3925E+07  0.1330E+07  0.5369E+05  0.1252E+05  0.0000E+00  0.0000E+00
       5       28       26       27        0        0                         0.8468E+09  0.1253E+08  0.1834E+08  0.6191E+07  0.6390E+06  0.6300E+05  0.0000E+00  0.0000E+00
       2       29        9        9        9        0                         0.3552E+09  0.1437E+07  0.3545E+07  0.1033E+07  0.5927E+06  0.5493E+05  0.0000E+00  0.0000E+00
       5       30        7       29        0        0                         0.7894E+09  0.3677E+07  0.9239E+07  0.2998E+07  0.1170E+07  0.6185E+05  0.0000E+00  0.0000E+00
       2       31       11       11       11        0                         0.2079E+10  0.1071E+08  0.1742E+08  0.5869E+07  0.2480E+07  0.7854E+05  0.0000E+00  0.0000E+00
       5       32       10       31        0        0                         0.2420E+10  0.1389E+08  0.2311E+08  0.7717E+07  0.3202E+07  0.8463E+05  0.0000E+00  0.0000E+00
       2       33       12       12       12        0                         0.7785E+09  0.1308E+07  0.5224E+07  0.1601E+07  0.4472E+06  0.4080E+05  0.0000E+00  0.0000E+00
       5       34       32       33        0        0                         0.3199E+10  0.1519E+08  0.2833E+08  0.9318E+07  0.3649E+07  0.1254E+06  0.0000E+00  0.0000E+00
       2       35       14       14       14        0                         0.2730E+10  0.5798E+07  0.1739E+08  0.5076E+07  0.3159E+07  0.3745E+06  0.0000E+00  0.0000E+00
       5       36       13       35        0        0                         0.4886E+10  0.1362E+08  0.3223E+08  0.1013E+08  0.6726E+07  0.3963E+06  0.0000E+00  0.0000E+00
       2       37       16       16       16        0                         0.7430E+09  0.1407E+07  0.3328E+07  0.1206E+07  0.9264E+06  0.3002E+05  0.0000E+00  0.0000E+00
       5       38       15       37        0        0                         0.1221E+10  0.2774E+07  0.5851E+07  0.2068E+07  0.1692E+07  0.3540E+05  0.0000E+00  0.0000E+00
       2       39       17       17       17        0                         0.1826E+10  0.2452E+07  0.8050E+07  0.2668E+07  0.2753E+07  0.6801E+05  0.0000E+00  0.0000E+00
       5       40       38       39        0        0                         0.3047E+10  0.5226E+07  0.1390E+08  0.4736E+07  0.4446E+07  0.1034E+06  0.0000E+00  0.0000E+00
       2       41       15       40       15        0                         0.2994E+10  0.4007E+07  0.1311E+08  0.4337E+07  0.4258E+07  0.2958E+06  0.0000E+00  0.0000E+00
       5       42       36       41        0        0                         0.7880E+10  0.1763E+08  0.4534E+08  0.1447E+08  0.1098E+08  0.6921E+06  0.0000E+00  0.0000E+00
       2       43       19       19       19        0                         0.1375E+10  0.4487E+07  0.8660E+07  0.2808E+07  0.1768E+07  0.4732E+05  0.0000E+00  0.0000E+00
       5       44       18       43        0        0                         0.2161E+10  0.5159E+07  0.1107E+08  0.3720E+07  0.2692E+07  0.6120E+05  0.0000E+00  0.0000E+00
       2       45       20       20       20        0                         0.1230E+10  0.3681E+07  0.7476E+07  0.2408E+07  0.1697E+07  0.4134E+05  0.0000E+00  0.0000E+00
       5       46       44       45        0        0                         0.3391E+10  0.8840E+07  0.1854E+08  0.6129E+07  0.4389E+07  0.1025E+06  0.0000E+00  0.0000E+00
       2       47       18       46       18        0                         0.3219E+10  0.4957E+07  0.1675E+08  0.5270E+07  0.3952E+07  0.3740E+06  0.0000E+00  0.0000E+00
       5       48       42       47        0        0                         0.1110E+11  0.2259E+08  0.6208E+08  0.1974E+08  0.1494E+08  0.1066E+07  0.0000E+00  0.0000E+00
       2       49       13       48       13        0                         0.1092E+11  0.1630E+08  0.5786E+08  0.1777E+08  0.1433E+08  0.2352E+07  0.0000E+00  0.0000E+00
       5       50       34       49        0        0                         0.1411E+11  0.3149E+08  0.8619E+08  0.2709E+08  0.1797E+08  0.2478E+07  0.0000E+00  0.0000E+00
       2       51       10       50       10        0                         0.1379E+11  0.2039E+08  0.7876E+08  0.2373E+08  0.1692E+08  0.4922E+07  0.0000E+00  0.0000E+00
       5       52        8       51        0        0                         0.1475E+11  0.4199E+08  0.1054E+09  0.3278E+08  0.1793E+08  0.4935E+07  0.0000E+00  0.0000E+00
       2       53        8       52        8        0                         0.1436E+11  0.2677E+08  0.9668E+08  0.2891E+08  0.1681E+08  0.7512E+07  0.0000E+00  0.0000E+00
       5       54       30       53        0        0                         0.1515E+11  0.3044E+08  0.1059E+09  0.3191E+08  0.1798E+08  0.7574E+07  0.0000E+00  0.0000E+00
       2       55        7       54        7        0                         0.1497E+11  0.2438E+08  0.1008E+09  0.2971E+08  0.1758E+08  0.9218E+07  0.0000E+00  0.0000E+00
       5       56       28       55        0        0                         0.1581E+11  0.3690E+08  0.1191E+09  0.3590E+08  0.1822E+08  0.9281E+07  0.0000E+00  0.0000E+00
       2       57        3       56        3        0                         0.1562E+11  0.3112E+08  0.1145E+09  0.3394E+08  0.1786E+08  0.1079E+08  0.0000E+00  0.0000E+00
       5       58        2       57        0        0                         0.1567E+11  0.3244E+08  0.1157E+09  0.3438E+08  0.1790E+08  0.1079E+08  0.0000E+00  0.0000E+00
       2       59        2       58        2        0                         0.1551E+11  0.2900E+08  0.1125E+09  0.3306E+08  0.1764E+08  0.1180E+08  0.0000E+00  0.0000E+00
      14       59        1        0        0        0                         0.1551E+11  0.2900E+08  0.1125E+09  0.3306E+08  0.1764E+08  0.1180E+08  0.0000E+00  0.0000E+00
