  icode   ic inum1 inum2 inum3   subed  recmonps reccnstps  flow(m^3)   sed(t)      orgn(kg)    orgp(kg)    nitrate(kg) sol.p(kg)   sol.pst(mg) sor.pst(mg)
       1        1        1        0        0        0                         0.5193E+09  0.7497E+07  0.9041E+07  0.3200E+07  0.2159E+06  0.7467E+04  0.0000E+00  0.0000E+00
       1        2        2        0        0        0                         0.1632E+09  0.6350E+07  0.4077E+07  0.1473E+07  0.7078E+05  0.1856E+04  0.0000E+00  0.0000E+00
       1        3        3        0        0        0                         0.5513E+09  0.1452E+08  0.1189E+08  0.4470E+07  0.2249E+06  0.7587E+04  0.0000E+00  0.0000E+00
       1        4        4        0        0        0                         0.3693E+09  0.7545E+07  0.6988E+07  0.2512E+07  0.1521E+06  0.5237E+04  0.0000E+00  0.0000E+00
       1        5        5        0        0        0                         0.1731E+10  0.2067E+08  0.3173E+08  0.1092E+08  0.7349E+06  0.2601E+05  0.0000E+00  0.0000E+00
       1        6        6        0        0        0                         0.8767E+09  0.1448E+08  0.1690E+08  0.5934E+07  0.3534E+06  0.1290E+05  0.0000E+00  0.0000E+00
       1        7        7        0        0        0                         0.1161E+10  0.7256E+07  0.1477E+08  0.5059E+07  0.5636E+06  0.1733E+05  0.0000E+00  0.0000E+00
       1        8        8        0        0        0                         0.2466E+10  0.6676E+08  0.5422E+08  0.1825E+08  0.1179E+07  0.2658E+05  0.0000E+00  0.0000E+00
       1        9        9        0        0        0                         0.2028E+10  0.1237E+08  0.2345E+08  0.8116E+07  0.1320E+07  0.3826E+05  0.0000E+00  0.0000E+00
       1       10       10        0        0        0                         0.9196E+09  0.1494E+08  0.1730E+08  0.5712E+07  0.6113E+06  0.1380E+05  0.0000E+00  0.0000E+00
       1       11       11        0        0        0                         0.3836E+10  0.2468E+08  0.3421E+08  0.1148E+08  0.2051E+07  0.4795E+05  0.0000E+00  0.0000E+00
       1       12       12        0        0        0                         0.2304E+10  0.5953E+07  0.1901E+08  0.5840E+07  0.1182E+07  0.4076E+05  0.0000E+00  0.0000E+00
       1       13       13        0        0        0                         0.3122E+10  0.1638E+08  0.2511E+08  0.8312E+07  0.1666E+07  0.3708E+05  0.0000E+00  0.0000E+00
       1       14       14        0        0        0                         0.6030E+10  0.1995E+08  0.4963E+08  0.1579E+08  0.3249E+07  0.1030E+06  0.0000E+00  0.0000E+00
       1       15       15        0        0        0                         0.7318E+09  0.3121E+07  0.4821E+07  0.1615E+07  0.3760E+06  0.9983E+04  0.0000E+00  0.0000E+00
       1       16       16        0        0        0                         0.1684E+10  0.4612E+07  0.9367E+07  0.3403E+07  0.8716E+06  0.2811E+05  0.0000E+00  0.0000E+00
       1       17       17        0        0        0                         0.2766E+10  0.6150E+07  0.1763E+08  0.5673E+07  0.1662E+07  0.4676E+05  0.0000E+00  0.0000E+00
       1       18       18        0        0        0                         0.2284E+10  0.3125E+07  0.1009E+08  0.3757E+07  0.1052E+07  0.4763E+05  0.0000E+00  0.0000E+00
       1       19       19        0        0        0                         0.2654E+10  0.1288E+08  0.2057E+08  0.6722E+07  0.1243E+07  0.4311E+05  0.0000E+00  0.0000E+00
       1       20       20        0        0        0                         0.2144E+10  0.1071E+08  0.1781E+08  0.5845E+07  0.9910E+06  0.3180E+05  0.0000E+00  0.0000E+00
       2       21        1        1        1        0                         0.5160E+09  0.7497E+07  0.9016E+07  0.3188E+07  0.2153E+06  0.1469E+05  0.0000E+00  0.0000E+00
       5       22        4       21        0        0                         0.8852E+09  0.1504E+08  0.1600E+08  0.5699E+07  0.3674E+06  0.1993E+05  0.0000E+00  0.0000E+00
       2       23        4       22        4        0                         0.8371E+09  0.1291E+08  0.1544E+08  0.5419E+07  0.3599E+06  0.6108E+05  0.0000E+00  0.0000E+00
       5       24        3       23        0        0                         0.1388E+10  0.2743E+08  0.2733E+08  0.9889E+07  0.5849E+06  0.6866E+05  0.0000E+00  0.0000E+00
       2       25        5        5        5        0                         0.1592E+10  0.2042E+08  0.2917E+08  0.9661E+07  0.7126E+06  0.1072E+06  0.0000E+00  0.0000E+00
       5       26       24       25        0        0                         0.2980E+10  0.4785E+08  0.5650E+08  0.1955E+08  0.1297E+07  0.1759E+06  0.0000E+00  0.0000E+00
       2       27        6        6        6        0                         0.8078E+09  0.1433E+08  0.1582E+08  0.5395E+07  0.3414E+06  0.4720E+05  0.0000E+00  0.0000E+00
       5       28       26       27        0        0                         0.3788E+10  0.6218E+08  0.7231E+08  0.2495E+08  0.1639E+07  0.2231E+06  0.0000E+00  0.0000E+00
       2       29        9        9        9        0                         0.1870E+10  0.1185E+08  0.2065E+08  0.6750E+07  0.1268E+07  0.1882E+06  0.0000E+00  0.0000E+00
       5       30        7       29        0        0                         0.3031E+10  0.1910E+08  0.3542E+08  0.1181E+08  0.1832E+07  0.2056E+06  0.0000E+00  0.0000E+00
       2       31       11       11       11        0                         0.3765E+10  0.2467E+08  0.3301E+08  0.1089E+08  0.2038E+07  0.1423E+06  0.0000E+00  0.0000E+00
       5       32       10       31        0        0                         0.4685E+10  0.3961E+08  0.5030E+08  0.1660E+08  0.2649E+07  0.1561E+06  0.0000E+00  0.0000E+00
       2       33       12       12       12        0                         0.2283E+10  0.5953E+07  0.1857E+08  0.5639E+07  0.1178E+07  0.1083E+06  0.0000E+00  0.0000E+00
       5       34       32       33        0        0                         0.6967E+10  0.4556E+08  0.6887E+08  0.2224E+08  0.3827E+07  0.2644E+06  0.0000E+00  0.0000E+00
       2       35       14       14       14        0                         0.5753E+10  0.1824E+08  0.4207E+08  0.1233E+08  0.3163E+07  0.7206E+06  0.0000E+00  0.0000E+00
       5       36       13       35        0        0                         0.8874E+10  0.3462E+08  0.6719E+08  0.2064E+08  0.4828E+07  0.7577E+06  0.0000E+00  0.0000E+00
       2       37       16       16       16        0                         0.1663E+10  0.4612E+07  0.9160E+07  0.3292E+07  0.8678E+06  0.7163E+05  0.0000E+00  0.0000E+00
       5       38       15       37        0        0                         0.2394E+10  0.7733E+07  0.1398E+08  0.4907E+07  0.1244E+07  0.8161E+05  0.0000E+00  0.0000E+00
       2       39       17       17       17        0                         0.2726E+10  0.6150E+07  0.1706E+08  0.5403E+07  0.1651E+07  0.1285E+06  0.0000E+00  0.0000E+00
       5       40       38       39        0        0                         0.5120E+10  0.1388E+08  0.3104E+08  0.1031E+08  0.2895E+07  0.2101E+06  0.0000E+00  0.0000E+00
       2       41       15       40       15        0                         0.5052E+10  0.1096E+08  0.2934E+08  0.9482E+07  0.2874E+07  0.5973E+06  0.0000E+00  0.0000E+00
       5       42       36       41        0        0                         0.1393E+11  0.4558E+08  0.9653E+08  0.3013E+08  0.7702E+07  0.1355E+07  0.0000E+00  0.0000E+00
       2       43       19       19       19        0                         0.2607E+10  0.1288E+08  0.2006E+08  0.6477E+07  0.1236E+07  0.1192E+06  0.0000E+00  0.0000E+00
       5       44       18       43        0        0                         0.4890E+10  0.1600E+08  0.3015E+08  0.1023E+08  0.2288E+07  0.1668E+06  0.0000E+00  0.0000E+00
       2       45       20       20       20        0                         0.2088E+10  0.1070E+08  0.1706E+08  0.5484E+07  0.9830E+06  0.9541E+05  0.0000E+00  0.0000E+00
       5       46       44       45        0        0                         0.6979E+10  0.2670E+08  0.4721E+08  0.1572E+08  0.3271E+07  0.2622E+06  0.0000E+00  0.0000E+00
       2       47       18       46       18        0                         0.6754E+10  0.1742E+08  0.4341E+08  0.1387E+08  0.3229E+07  0.8853E+06  0.0000E+00  0.0000E+00
       5       48       42       47        0        0                         0.2068E+11  0.6299E+08  0.1399E+09  0.4400E+08  0.1093E+08  0.2240E+07  0.0000E+00  0.0000E+00
       2       49       13       48       13        0                         0.2047E+11  0.4792E+08  0.1314E+09  0.4008E+08  0.1088E+08  0.4917E+07  0.0000E+00  0.0000E+00
       5       50       34       49        0        0                         0.2743E+11  0.9349E+08  0.2002E+09  0.6232E+08  0.1471E+08  0.5182E+07  0.0000E+00  0.0000E+00
       2       51       10       50       10        0                         0.2711E+11  0.6430E+08  0.1849E+09  0.5545E+08  0.1463E+08  0.1016E+08  0.0000E+00  0.0000E+00
       5       52        8       51        0        0                         0.2958E+11  0.1311E+09  0.2392E+09  0.7370E+08  0.1581E+08  0.1018E+08  0.0000E+00  0.0000E+00
       2       53        8       52        8        0                         0.2919E+11  0.8966E+08  0.2216E+09  0.6602E+08  0.1578E+08  0.1549E+08  0.0000E+00  0.0000E+00
       5       54       30       53        0        0                         0.3222E+11  0.1088E+09  0.2571E+09  0.7783E+08  0.1761E+08  0.1570E+08  0.0000E+00  0.0000E+00
       2       55        7       54        7        0                         0.3203E+11  0.8991E+08  0.2461E+09  0.7309E+08  0.1772E+08  0.1935E+08  0.0000E+00  0.0000E+00
       5       56       28       55        0        0                         0.3582E+11  0.1521E+09  0.3184E+09  0.9804E+08  0.1936E+08  0.1957E+08  0.0000E+00  0.0000E+00
       2       57        3       56        3        0                         0.3564E+11  0.1314E+09  0.3078E+09  0.9342E+08  0.1953E+08  0.2317E+08  0.0000E+00  0.0000E+00
       5       58        2       57        0        0                         0.3580E+11  0.1377E+09  0.3119E+09  0.9490E+08  0.1960E+08  0.2317E+08  0.0000E+00  0.0000E+00
       2       59        2       58        2        0                         0.3566E+11  0.1249E+09  0.3045E+09  0.9176E+08  0.1979E+08  0.2560E+08  0.0000E+00  0.0000E+00
      14       59        1        0        0        0                         0.3566E+11  0.1249E+09  0.3045E+09  0.9176E+08  0.1979E+08  0.2560E+08  0.0000E+00  0.0000E+00
