  icode   ic inum1 inum2 inum3   subed  recmonps reccnstps  flow(m^3)   sed(t)      orgn(kg)    orgp(kg)    nitrate(kg) sol.p(kg)   sol.pst(mg) sor.pst(mg)
       1        1        1        0        0        0                         0.5623E+09  0.9162E+07  0.1034E+08  0.3677E+07  0.2690E+06  0.8526E+04  0.0000E+00  0.0000E+00
       1        2        2        0        0        0                         0.1827E+09  0.7981E+07  0.4611E+07  0.1673E+07  0.8662E+05  0.2092E+04  0.0000E+00  0.0000E+00
       1        3        3        0        0        0                         0.6278E+09  0.1793E+08  0.1362E+08  0.5155E+07  0.2937E+06  0.8878E+04  0.0000E+00  0.0000E+00
       1        4        4        0        0        0                         0.4108E+09  0.9249E+07  0.7986E+07  0.2888E+07  0.1930E+06  0.6040E+04  0.0000E+00  0.0000E+00
       1        5        5        0        0        0                         0.1988E+10  0.2661E+08  0.3819E+08  0.1318E+08  0.9804E+06  0.3098E+05  0.0000E+00  0.0000E+00
       1        6        6        0        0        0                         0.1041E+10  0.1900E+08  0.2054E+08  0.7225E+07  0.4917E+06  0.1562E+05  0.0000E+00  0.0000E+00
       1        7        7        0        0        0                         0.1270E+10  0.8798E+07  0.1682E+08  0.5768E+07  0.7313E+06  0.1980E+05  0.0000E+00  0.0000E+00
       1        8        8        0        0        0                         0.2678E+10  0.8001E+08  0.5889E+08  0.1982E+08  0.1429E+07  0.2867E+05  0.0000E+00  0.0000E+00
       1        9        9        0        0        0                         0.2206E+10  0.1586E+08  0.2798E+08  0.9803E+07  0.1556E+07  0.4322E+05  0.0000E+00  0.0000E+00
       1       10       10        0        0        0                         0.1026E+10  0.2007E+08  0.2018E+08  0.6725E+07  0.7321E+06  0.1462E+05  0.0000E+00  0.0000E+00
       1       11       11        0        0        0                         0.4206E+10  0.2981E+08  0.3814E+08  0.1267E+08  0.2519E+07  0.5162E+05  0.0000E+00  0.0000E+00
       1       12       12        0        0        0                         0.2597E+10  0.7912E+07  0.2311E+08  0.7084E+07  0.1551E+07  0.4514E+05  0.0000E+00  0.0000E+00
       1       13       13        0        0        0                         0.3240E+10  0.1967E+08  0.2782E+08  0.9112E+07  0.2093E+07  0.3884E+05  0.0000E+00  0.0000E+00
       1       14       14        0        0        0                         0.6605E+10  0.2563E+08  0.5776E+08  0.1840E+08  0.4082E+07  0.1140E+06  0.0000E+00  0.0000E+00
       1       15       15        0        0        0                         0.7600E+09  0.3704E+07  0.5396E+07  0.1792E+07  0.4791E+06  0.1072E+05  0.0000E+00  0.0000E+00
       1       16       16        0        0        0                         0.1901E+10  0.5558E+07  0.1087E+08  0.3930E+07  0.1064E+07  0.3174E+05  0.0000E+00  0.0000E+00
       1       17       17        0        0        0                         0.2927E+10  0.8069E+07  0.2073E+08  0.6702E+07  0.2077E+07  0.4974E+05  0.0000E+00  0.0000E+00
       1       18       18        0        0        0                         0.2577E+10  0.4010E+07  0.1244E+08  0.4622E+07  0.1355E+07  0.5566E+05  0.0000E+00  0.0000E+00
       1       19       19        0        0        0                         0.2770E+10  0.1462E+08  0.2287E+08  0.7462E+07  0.1520E+07  0.4833E+05  0.0000E+00  0.0000E+00
       1       20       20        0        0        0                         0.2133E+10  0.1217E+08  0.1953E+08  0.6392E+07  0.1205E+07  0.3486E+05  0.0000E+00  0.0000E+00
       2       21        1        1        1        0                         0.5596E+09  0.9162E+07  0.1031E+08  0.3662E+07  0.2672E+06  0.1680E+05  0.0000E+00  0.0000E+00
       5       22        4       21        0        0                         0.9704E+09  0.1841E+08  0.1830E+08  0.6550E+07  0.4602E+06  0.2284E+05  0.0000E+00  0.0000E+00
       2       23        4       22        4        0                         0.9569E+09  0.1587E+08  0.1764E+08  0.6227E+07  0.4487E+06  0.6884E+05  0.0000E+00  0.0000E+00
       5       24        3       23        0        0                         0.1585E+10  0.3380E+08  0.3126E+08  0.1138E+08  0.7424E+06  0.7771E+05  0.0000E+00  0.0000E+00
       2       25        5        5        5        0                         0.1944E+10  0.2638E+08  0.3504E+08  0.1163E+08  0.9365E+06  0.1211E+06  0.0000E+00  0.0000E+00
       5       26       24       25        0        0                         0.3529E+10  0.6018E+08  0.6630E+08  0.2301E+08  0.1679E+07  0.1988E+06  0.0000E+00  0.0000E+00
       2       27        6        6        6        0                         0.1017E+10  0.1884E+08  0.1917E+08  0.6538E+07  0.4687E+06  0.5554E+05  0.0000E+00  0.0000E+00
       5       28       26       27        0        0                         0.4546E+10  0.7902E+08  0.8546E+08  0.2955E+08  0.2148E+07  0.2544E+06  0.0000E+00  0.0000E+00
       2       29        9        9        9        0                         0.2156E+10  0.1537E+08  0.2476E+08  0.8201E+07  0.1479E+07  0.2056E+06  0.0000E+00  0.0000E+00
       5       30        7       29        0        0                         0.3426E+10  0.2417E+08  0.4158E+08  0.1397E+08  0.2211E+07  0.2254E+06  0.0000E+00  0.0000E+00
       2       31       11       11       11        0                         0.4185E+10  0.2980E+08  0.3678E+08  0.1201E+08  0.2491E+07  0.1529E+06  0.0000E+00  0.0000E+00
       5       32       10       31        0        0                         0.5211E+10  0.4986E+08  0.5696E+08  0.1873E+08  0.3224E+07  0.1675E+06  0.0000E+00  0.0000E+00
       2       33       12       12       12        0                         0.2590E+10  0.7912E+07  0.2256E+08  0.6834E+07  0.1533E+07  0.1222E+06  0.0000E+00  0.0000E+00
       5       34       32       33        0        0                         0.7801E+10  0.5778E+08  0.7952E+08  0.2557E+08  0.4757E+07  0.2897E+06  0.0000E+00  0.0000E+00
       2       35       14       14       14        0                         0.6510E+10  0.2349E+08  0.4904E+08  0.1440E+08  0.3930E+07  0.7907E+06  0.0000E+00  0.0000E+00
       5       36       13       35        0        0                         0.9750E+10  0.4316E+08  0.7686E+08  0.2351E+08  0.6023E+07  0.8296E+06  0.0000E+00  0.0000E+00
       2       37       16       16       16        0                         0.1895E+10  0.5558E+07  0.1062E+08  0.3797E+07  0.1056E+07  0.8180E+05  0.0000E+00  0.0000E+00
       5       38       15       37        0        0                         0.2655E+10  0.9262E+07  0.1601E+08  0.5590E+07  0.1535E+07  0.9252E+05  0.0000E+00  0.0000E+00
       2       39       17       17       17        0                         0.2915E+10  0.8068E+07  0.2004E+08  0.6376E+07  0.2048E+07  0.1381E+06  0.0000E+00  0.0000E+00
       5       40       38       39        0        0                         0.5570E+10  0.1733E+08  0.3605E+08  0.1197E+08  0.3583E+07  0.2306E+06  0.0000E+00  0.0000E+00
       2       41       15       40       15        0                         0.5543E+10  0.1369E+08  0.3406E+08  0.1100E+08  0.3538E+07  0.6608E+06  0.0000E+00  0.0000E+00
       5       42       36       41        0        0                         0.1529E+11  0.5685E+08  0.1109E+09  0.3451E+08  0.9561E+07  0.1490E+07  0.0000E+00  0.0000E+00
       2       43       19       19       19        0                         0.2754E+10  0.1461E+08  0.2229E+08  0.7185E+07  0.1500E+07  0.1333E+06  0.0000E+00  0.0000E+00
       5       44       18       43        0        0                         0.5331E+10  0.1862E+08  0.3473E+08  0.1181E+08  0.2856E+07  0.1889E+06  0.0000E+00  0.0000E+00
       2       45       20       20       20        0                         0.2115E+10  0.1215E+08  0.1868E+08  0.5988E+07  0.1184E+07  0.1041E+06  0.0000E+00  0.0000E+00
       5       46       44       45        0        0                         0.7447E+10  0.3077E+08  0.5341E+08  0.1779E+08  0.4040E+07  0.2931E+06  0.0000E+00  0.0000E+00
       2       47       18       46       18        0                         0.7384E+10  0.2035E+08  0.4912E+08  0.1571E+08  0.3969E+07  0.9797E+06  0.0000E+00  0.0000E+00
       5       48       42       47        0        0                         0.2268E+11  0.7720E+08  0.1600E+09  0.5022E+08  0.1353E+08  0.2470E+07  0.0000E+00  0.0000E+00
       2       49       13       48       13        0                         0.2258E+11  0.5896E+08  0.1503E+09  0.4577E+08  0.1340E+08  0.5473E+07  0.0000E+00  0.0000E+00
       5       50       34       49        0        0                         0.3038E+11  0.1167E+09  0.2298E+09  0.7134E+08  0.1816E+08  0.5762E+07  0.0000E+00  0.0000E+00
       2       51       10       50       10        0                         0.3021E+11  0.8050E+08  0.2123E+09  0.6351E+08  0.1797E+08  0.1143E+08  0.0000E+00  0.0000E+00
       5       52        8       51        0        0                         0.3288E+11  0.1605E+09  0.2712E+09  0.8334E+08  0.1939E+08  0.1145E+08  0.0000E+00  0.0000E+00
       2       53        8       52        8        0                         0.3264E+11  0.1105E+09  0.2514E+09  0.7467E+08  0.1922E+08  0.1749E+08  0.0000E+00  0.0000E+00
       5       54       30       53        0        0                         0.3607E+11  0.1346E+09  0.2930E+09  0.8864E+08  0.2143E+08  0.1772E+08  0.0000E+00  0.0000E+00
       2       55        7       54        7        0                         0.3595E+11  0.1117E+09  0.2805E+09  0.8326E+08  0.2146E+08  0.2188E+08  0.0000E+00  0.0000E+00
       5       56       28       55        0        0                         0.4049E+11  0.1907E+09  0.3660E+09  0.1128E+09  0.2361E+08  0.2213E+08  0.0000E+00  0.0000E+00
       2       57        3       56        3        0                         0.4036E+11  0.1653E+09  0.3538E+09  0.1075E+09  0.2370E+08  0.2628E+08  0.0000E+00  0.0000E+00
       5       58        2       57        0        0                         0.4054E+11  0.1733E+09  0.3584E+09  0.1092E+09  0.2379E+08  0.2628E+08  0.0000E+00  0.0000E+00
       2       59        2       58        2        0                         0.4043E+11  0.1574E+09  0.3500E+09  0.1056E+09  0.2392E+08  0.2907E+08  0.0000E+00  0.0000E+00
      14       59        1        0        0        0                         0.4043E+11  0.1574E+09  0.3500E+09  0.1056E+09  0.2392E+08  0.2907E+08  0.0000E+00  0.0000E+00
