  icode   ic inum1 inum2 inum3   subed  recmonps reccnstps  flow(m^3)   sed(t)      orgn(kg)    orgp(kg)    nitrate(kg) sol.p(kg)   sol.pst(mg) sor.pst(mg)
       1        1        1        0        0        0                         0.3403E+09  0.3284E+06  0.4691E+06  0.8444E+05  0.2388E+07  0.2764E+04  0.0000E+00  0.0000E+00
       1        2        2        0        0        0                         0.9659E+08  0.2241E+06  0.2540E+06  0.4593E+05  0.5933E+06  0.7314E+03  0.0000E+00  0.0000E+00
       1        3        3        0        0        0                         0.2428E+09  0.5256E+06  0.6130E+06  0.1111E+06  0.1543E+07  0.2076E+04  0.0000E+00  0.0000E+00
       1        4        4        0        0        0                         0.2119E+09  0.2921E+06  0.3826E+06  0.6897E+05  0.1451E+07  0.1752E+04  0.0000E+00  0.0000E+00
       1        5        5        0        0        0                         0.6204E+09  0.8337E+06  0.1209E+07  0.2162E+06  0.3812E+07  0.6442E+04  0.0000E+00  0.0000E+00
       1        6        6        0        0        0                         0.1406E+09  0.1488E+07  0.1446E+07  0.2572E+06  0.2846E+07  0.1976E+04  0.0000E+00  0.0000E+00
       1        7        7        0        0        0                         0.6643E+09  0.4047E+06  0.6889E+06  0.1236E+06  0.4920E+07  0.7270E+04  0.0000E+00  0.0000E+00
       1        8        8        0        0        0                         0.1472E+10  0.2164E+07  0.3130E+07  0.5592E+06  0.1041E+08  0.1463E+05  0.0000E+00  0.0000E+00
       1        9        9        0        0        0                         0.6102E+09  0.1254E+06  0.2765E+06  0.4831E+05  0.3833E+07  0.5208E+04  0.0000E+00  0.0000E+00
       1       10       10        0        0        0                         0.4876E+09  0.1784E+06  0.3805E+06  0.6698E+05  0.2835E+07  0.5526E+04  0.0000E+00  0.0000E+00
       1       11       11        0        0        0                         0.2633E+10  0.1209E+07  0.1891E+07  0.3376E+06  0.8535E+07  0.2826E+05  0.0000E+00  0.0000E+00
       1       12       12        0        0        0                         0.8585E+09  0.1294E+06  0.3348E+06  0.5688E+05  0.2480E+07  0.1045E+05  0.0000E+00  0.0000E+00
       1       13       13        0        0        0                         0.2677E+10  0.1014E+07  0.1638E+07  0.2928E+06  0.1001E+08  0.2286E+05  0.0000E+00  0.0000E+00
       1       14       14        0        0        0                         0.4291E+10  0.8784E+06  0.1891E+07  0.3264E+06  0.1764E+08  0.4024E+05  0.0000E+00  0.0000E+00
       1       15       15        0        0        0                         0.5957E+09  0.1266E+06  0.2226E+06  0.3975E+05  0.2173E+07  0.5241E+04  0.0000E+00  0.0000E+00
       1       16       16        0        0        0                         0.9667E+09  0.1162E+06  0.2013E+06  0.3702E+05  0.3343E+07  0.1000E+05  0.0000E+00  0.0000E+00
       1       17       17        0        0        0                         0.2370E+10  0.1774E+06  0.4019E+06  0.7077E+05  0.9073E+07  0.2347E+05  0.0000E+00  0.0000E+00
       1       18       18        0        0        0                         0.1107E+10  0.1333E+06  0.2293E+06  0.4291E+05  0.4445E+07  0.9907E+04  0.0000E+00  0.0000E+00
       1       19       19        0        0        0                         0.2121E+10  0.3573E+06  0.7553E+06  0.1335E+06  0.8216E+07  0.1507E+05  0.0000E+00  0.0000E+00
       1       20       20        0        0        0                         0.1946E+10  0.3113E+06  0.6368E+06  0.1135E+06  0.7601E+07  0.1300E+05  0.0000E+00  0.0000E+00
       2       21        1        1        0        0                         0.3374E+09  0.3284E+06  0.3987E+06  0.6534E+05  0.2378E+07  0.5940E+04  0.0000E+00  0.0000E+00
       5       22        4       21        0        0                         0.5492E+09  0.6205E+06  0.7813E+06  0.1343E+06  0.3829E+07  0.7692E+04  0.0000E+00  0.0000E+00
       2       23        4       22        0        0                         0.5277E+09  0.5451E+06  0.6608E+06  0.1033E+06  0.3647E+07  0.1518E+05  0.0000E+00  0.0000E+00
       5       24        3       23        0        0                         0.7705E+09  0.1071E+07  0.1274E+07  0.2144E+06  0.5190E+07  0.1725E+05  0.0000E+00  0.0000E+00
       2       25        5        5        0        0                         0.5608E+09  0.8043E+06  0.1016E+07  0.1653E+06  0.3294E+07  0.1536E+05  0.0000E+00  0.0000E+00
       5       26       24       25        0        0                         0.1331E+10  0.1875E+07  0.2290E+07  0.3797E+06  0.8485E+07  0.3261E+05  0.0000E+00  0.0000E+00
       2       27        6        6        0        0                         0.1171E+09  0.1430E+07  0.1203E+07  0.1940E+06  0.2502E+07  0.6357E+04  0.0000E+00  0.0000E+00
       5       28       26       27        0        0                         0.1448E+10  0.3305E+07  0.3493E+07  0.5737E+06  0.1099E+08  0.3897E+05  0.0000E+00  0.0000E+00
       2       29        9        9        0        0                         0.5382E+09  0.9270E+05  0.2147E+06  0.3332E+05  0.3229E+07  0.1449E+05  0.0000E+00  0.0000E+00
       5       30        7       29        0        0                         0.1203E+10  0.4974E+06  0.9036E+06  0.1569E+06  0.8150E+07  0.2176E+05  0.0000E+00  0.0000E+00
       2       31       11       11        0        0                         0.2584E+10  0.1194E+07  0.1565E+07  0.2497E+06  0.8290E+07  0.5499E+05  0.0000E+00  0.0000E+00
       5       32       10       31        0        0                         0.3071E+10  0.1372E+07  0.1946E+07  0.3167E+06  0.1112E+08  0.6051E+05  0.0000E+00  0.0000E+00
       2       33       12       12        0        0                         0.8483E+09  0.1292E+06  0.2809E+06  0.4305E+05  0.2445E+07  0.1893E+05  0.0000E+00  0.0000E+00
       5       34       32       33        0        0                         0.3919E+10  0.1502E+07  0.2227E+07  0.3597E+06  0.1357E+08  0.7945E+05  0.0000E+00  0.0000E+00
       2       35       14       14        0        0                         0.4097E+10  0.6941E+06  0.1517E+07  0.2319E+06  0.1662E+08  0.9830E+05  0.0000E+00  0.0000E+00
       5       36       13       35        0        0                         0.6774E+10  0.1708E+07  0.3155E+07  0.5247E+06  0.2663E+08  0.1212E+06  0.0000E+00  0.0000E+00
       2       37       16       16        0        0                         0.9551E+09  0.1148E+06  0.1673E+06  0.2743E+05  0.3288E+07  0.1517E+05  0.0000E+00  0.0000E+00
       5       38       15       37        0        0                         0.1551E+10  0.2413E+06  0.3898E+06  0.6717E+05  0.5461E+07  0.2041E+05  0.0000E+00  0.0000E+00
       2       39       17       17        0        0                         0.2345E+10  0.1771E+06  0.3473E+06  0.5570E+05  0.8952E+07  0.3664E+05  0.0000E+00  0.0000E+00
       5       40       38       39        0        0                         0.3895E+10  0.4185E+06  0.7371E+06  0.1229E+06  0.1441E+08  0.5705E+05  0.0000E+00  0.0000E+00
       2       41       15       40        0        0                         0.3844E+10  0.3875E+06  0.6132E+06  0.9167E+05  0.1417E+08  0.7831E+05  0.0000E+00  0.0000E+00
       5       42       36       41        0        0                         0.1062E+11  0.2096E+07  0.3768E+07  0.6164E+06  0.4080E+08  0.1995E+06  0.0000E+00  0.0000E+00
       2       43       19       19        0        0                         0.2087E+10  0.3558E+06  0.6425E+06  0.1029E+06  0.8065E+07  0.3398E+05  0.0000E+00  0.0000E+00
       5       44       18       43        0        0                         0.3194E+10  0.4891E+06  0.8718E+06  0.1458E+06  0.1251E+08  0.4389E+05  0.0000E+00  0.0000E+00
       2       45       20       20        0        0                         0.1906E+10  0.3078E+06  0.5415E+06  0.8741E+05  0.7422E+07  0.2878E+05  0.0000E+00  0.0000E+00
       5       46       44       45        0        0                         0.5100E+10  0.7969E+06  0.1413E+07  0.2332E+06  0.1993E+08  0.7267E+05  0.0000E+00  0.0000E+00
       2       47       18       46        0        0                         0.4940E+10  0.7200E+06  0.1168E+07  0.1733E+06  0.1915E+08  0.1183E+06  0.0000E+00  0.0000E+00
       5       48       42       47        0        0                         0.1556E+11  0.2816E+07  0.4937E+07  0.7897E+06  0.5995E+08  0.3177E+06  0.0000E+00  0.0000E+00
       2       49       13       48        0        0                         0.1537E+11  0.2239E+07  0.4065E+07  0.5816E+06  0.5902E+08  0.4656E+06  0.0000E+00  0.0000E+00
       5       50       34       49        0        0                         0.1929E+11  0.3741E+07  0.6292E+07  0.9413E+06  0.7259E+08  0.5450E+06  0.0000E+00  0.0000E+00
       2       51       10       50        0        0                         0.1896E+11  0.2981E+07  0.5121E+07  0.6838E+06  0.7092E+08  0.7419E+06  0.0000E+00  0.0000E+00
       5       52        8       51        0        0                         0.2043E+11  0.5145E+07  0.8251E+07  0.1243E+07  0.8133E+08  0.7566E+06  0.0000E+00  0.0000E+00
       2       53        8       52        0        0                         0.2002E+11  0.4298E+07  0.6794E+07  0.9233E+06  0.7931E+08  0.9608E+06  0.0000E+00  0.0000E+00
       5       54       30       53        0        0                         0.2123E+11  0.4796E+07  0.7697E+07  0.1080E+07  0.8746E+08  0.9826E+06  0.0000E+00  0.0000E+00
       2       55        7       54        0        0                         0.2104E+11  0.4223E+07  0.6439E+07  0.8203E+06  0.8647E+08  0.1170E+07  0.0000E+00  0.0000E+00
       5       56       28       55        0        0                         0.2249E+11  0.7529E+07  0.9932E+07  0.1394E+07  0.9746E+08  0.1209E+07  0.0000E+00  0.0000E+00
       2       57        3       56        0        0                         0.2228E+11  0.6804E+07  0.8362E+07  0.1069E+07  0.9637E+08  0.1447E+07  0.0000E+00  0.0000E+00
       5       58        2       57        0        0                         0.2238E+11  0.7028E+07  0.8616E+07  0.1115E+07  0.9697E+08  0.1447E+07  0.0000E+00  0.0000E+00
       2       59        2       58        0        0                         0.2220E+11  0.6689E+07  0.7269E+07  0.8570E+06  0.9604E+08  0.1661E+07  0.0000E+00  0.0000E+00
      14       59        1        0        0        0                         0.2220E+11  0.6689E+07  0.7269E+07  0.8570E+06  0.9604E+08  0.1661E+07  0.0000E+00  0.0000E+00
