  icode   ic inum1 inum2 inum3   subed  recmonps reccnstps  flow(m^3)   sed(t)      orgn(kg)    orgp(kg)    nitrate(kg) sol.p(kg)   sol.pst(mg) sor.pst(mg)
       1        1        1        0        0        0                         0.1444E+09  0.4037E+06  0.7184E+06  0.2767E+06  0.1111E+07  0.1259E+04  0.0000E+00  0.0000E+00
       1        2        2        0        0        0                         0.4510E+08  0.3069E+06  0.3075E+06  0.1196E+06  0.2698E+06  0.3060E+03  0.0000E+00  0.0000E+00
       1        3        3        0        0        0                         0.1746E+09  0.3697E+07  0.2489E+07  0.1018E+07  0.6036E+05  0.1164E+04  0.0000E+00  0.0000E+00
       1        4        4        0        0        0                         0.9068E+08  0.4133E+06  0.5565E+06  0.2151E+06  0.6738E+06  0.8066E+03  0.0000E+00  0.0000E+00
       1        5        5        0        0        0                         0.2830E+09  0.9262E+06  0.1818E+07  0.7043E+06  0.1756E+07  0.3325E+04  0.0000E+00  0.0000E+00
       1        6        6        0        0        0                         0.9790E+08  0.1386E+07  0.1418E+07  0.5793E+06  0.2894E+06  0.1433E+04  0.0000E+00  0.0000E+00
       1        7        7        0        0        0                         0.5547E+09  0.2467E+07  0.4268E+07  0.1787E+07  0.7013E+05  0.4952E+04  0.0000E+00  0.0000E+00
       1        8        8        0        0        0                         0.8715E+09  0.4688E+07  0.7247E+07  0.2758E+07  0.5929E+07  0.9686E+04  0.0000E+00  0.0000E+00
       1        9        9        0        0        0                         0.2902E+09  0.6928E+06  0.1478E+07  0.5495E+06  0.3767E+07  0.3389E+04  0.0000E+00  0.0000E+00
       1       10       10        0        0        0                         0.2920E+09  0.1607E+07  0.2522E+07  0.9642E+06  0.2611E+07  0.3456E+04  0.0000E+00  0.0000E+00
       1       11       11        0        0        0                         0.3040E+10  0.2149E+08  0.2060E+08  0.8702E+07  0.5421E+07  0.2437E+05  0.0000E+00  0.0000E+00
       1       12       12        0        0        0                         0.6377E+09  0.5655E+06  0.2210E+07  0.7752E+06  0.3462E+07  0.1006E+05  0.0000E+00  0.0000E+00
       1       13       13        0        0        0                         0.2128E+10  0.3216E+07  0.6716E+07  0.2581E+07  0.8399E+07  0.1861E+05  0.0000E+00  0.0000E+00
       1       14       14        0        0        0                         0.2928E+10  0.3384E+07  0.1042E+08  0.3738E+07  0.1431E+08  0.3095E+05  0.0000E+00  0.0000E+00
       1       15       15        0        0        0                         0.5320E+09  0.1627E+07  0.1986E+07  0.8076E+06  0.1060E+07  0.4284E+04  0.0000E+00  0.0000E+00
       1       16       16        0        0        0                         0.7095E+09  0.5633E+06  0.1366E+07  0.5509E+06  0.4258E+07  0.8568E+04  0.0000E+00  0.0000E+00
       1       17       17        0        0        0                         0.1848E+10  0.1233E+07  0.4045E+07  0.1536E+07  0.7202E+07  0.1901E+05  0.0000E+00  0.0000E+00
       1       18       18        0        0        0                         0.8046E+09  0.3032E+06  0.1012E+07  0.4318E+06  0.5367E+07  0.8555E+04  0.0000E+00  0.0000E+00
       1       19       19        0        0        0                         0.1428E+10  0.2224E+07  0.4345E+07  0.1592E+07  0.6844E+07  0.1123E+05  0.0000E+00  0.0000E+00
       1       20       20        0        0        0                         0.1293E+10  0.1819E+07  0.3823E+07  0.1407E+07  0.5885E+07  0.9428E+04  0.0000E+00  0.0000E+00
       2       21        1        1        1        0                         0.1416E+09  0.4037E+06  0.7161E+06  0.2754E+06  0.1104E+07  0.2074E+04  0.0000E+00  0.0000E+00
       5       22        4       21        0        0                         0.2323E+09  0.8169E+06  0.1273E+07  0.4906E+06  0.1778E+07  0.2881E+04  0.0000E+00  0.0000E+00
       2       23        4       22        4        0                         0.2161E+09  0.2867E+05  0.1217E+07  0.4606E+06  0.1683E+07  0.8756E+04  0.0000E+00  0.0000E+00
       5       24        3       23        0        0                         0.3907E+09  0.3726E+07  0.3706E+07  0.1479E+07  0.1743E+07  0.9921E+04  0.0000E+00  0.0000E+00
       2       25        5        5        5        0                         0.2409E+09  0.8666E+06  0.1625E+07  0.6013E+06  0.1494E+07  0.1452E+05  0.0000E+00  0.0000E+00
       5       26       24       25        0        0                         0.6316E+09  0.4592E+07  0.5331E+07  0.2080E+07  0.3237E+07  0.2444E+05  0.0000E+00  0.0000E+00
       2       27        6        6        6        0                         0.7674E+08  0.1325E+07  0.1295E+07  0.5101E+06  0.1965E+06  0.5943E+04  0.0000E+00  0.0000E+00
       5       28       26       27        0        0                         0.7084E+09  0.5917E+07  0.6627E+07  0.2591E+07  0.3434E+07  0.3038E+05  0.0000E+00  0.0000E+00
       2       29        9        9        9        0                         0.2482E+09  0.5467E+06  0.1176E+07  0.3972E+06  0.3466E+07  0.2454E+05  0.0000E+00  0.0000E+00
       5       30        7       29        0        0                         0.8029E+09  0.3014E+07  0.5444E+07  0.2184E+07  0.3536E+07  0.2949E+05  0.0000E+00  0.0000E+00
       2       31       11       11       11        0                         0.2996E+10  0.2148E+08  0.1997E+08  0.8310E+07  0.5308E+07  0.7415E+05  0.0000E+00  0.0000E+00
       5       32       10       31        0        0                         0.3288E+10  0.2309E+08  0.2250E+08  0.9274E+07  0.7919E+07  0.7760E+05  0.0000E+00  0.0000E+00
       2       33       12       12       12        0                         0.6291E+09  0.5655E+06  0.2150E+07  0.7441E+06  0.3411E+07  0.2500E+05  0.0000E+00  0.0000E+00
       5       34       32       33        0        0                         0.3917E+10  0.2366E+08  0.2465E+08  0.1002E+08  0.1133E+08  0.1026E+06  0.0000E+00  0.0000E+00
       2       35       14       14       14        0                         0.2769E+10  0.2874E+07  0.8645E+07  0.2823E+07  0.1335E+08  0.2321E+06  0.0000E+00  0.0000E+00
       5       36       13       35        0        0                         0.4897E+10  0.6090E+07  0.1536E+08  0.5404E+07  0.2175E+08  0.2508E+06  0.0000E+00  0.0000E+00
       2       37       16       16       16        0                         0.6997E+09  0.5633E+06  0.1331E+07  0.5303E+06  0.4192E+07  0.1940E+05  0.0000E+00  0.0000E+00
       5       38       15       37        0        0                         0.1232E+10  0.2190E+07  0.3317E+07  0.1338E+07  0.5252E+07  0.2369E+05  0.0000E+00  0.0000E+00
       2       39       17       17       17        0                         0.1826E+10  0.1233E+07  0.3925E+07  0.1468E+07  0.7095E+07  0.5138E+05  0.0000E+00  0.0000E+00
       5       40       38       39        0        0                         0.3058E+10  0.3423E+07  0.7242E+07  0.2806E+07  0.1235E+08  0.7507E+05  0.0000E+00  0.0000E+00
       2       41       15       40       15        0                         0.3010E+10  0.2967E+06  0.6826E+07  0.2567E+07  0.1213E+08  0.2074E+06  0.0000E+00  0.0000E+00
       5       42       36       41        0        0                         0.7907E+10  0.6387E+07  0.2219E+08  0.7971E+07  0.3389E+08  0.4582E+06  0.0000E+00  0.0000E+00
       2       43       19       19       19        0                         0.1399E+10  0.2224E+07  0.4215E+07  0.1522E+07  0.6710E+07  0.3247E+05  0.0000E+00  0.0000E+00
       5       44       18       43        0        0                         0.2203E+10  0.2527E+07  0.5227E+07  0.1954E+07  0.1208E+08  0.4103E+05  0.0000E+00  0.0000E+00
       2       45       20       20       20        0                         0.1258E+10  0.1816E+07  0.3643E+07  0.1309E+07  0.5731E+07  0.2875E+05  0.0000E+00  0.0000E+00
       5       46       44       45        0        0                         0.3461E+10  0.4343E+07  0.8869E+07  0.3263E+07  0.1781E+08  0.6978E+05  0.0000E+00  0.0000E+00
       2       47       18       46       18        0                         0.3328E+10  0.5156E+06  0.7987E+07  0.2796E+07  0.1708E+08  0.2505E+06  0.0000E+00  0.0000E+00
       5       48       42       47        0        0                         0.1124E+11  0.6902E+07  0.3017E+08  0.1077E+08  0.5096E+08  0.7087E+06  0.0000E+00  0.0000E+00
       2       49       13       48       13        0                         0.1108E+11  0.1254E+07  0.2812E+08  0.9688E+07  0.5011E+08  0.1445E+07  0.0000E+00  0.0000E+00
       5       50       34       49        0        0                         0.1499E+11  0.2491E+08  0.5277E+08  0.1971E+08  0.6144E+08  0.1547E+07  0.0000E+00  0.0000E+00
       2       51       10       50       10        0                         0.1471E+11  0.2418E+07  0.4829E+08  0.1726E+08  0.6002E+08  0.3174E+07  0.0000E+00  0.0000E+00
       5       52        8       51        0        0                         0.1558E+11  0.7106E+07  0.5553E+08  0.2002E+08  0.6595E+08  0.3183E+07  0.0000E+00  0.0000E+00
       2       53        8       52        8        0                         0.1523E+11  0.2492E+07  0.5095E+08  0.1765E+08  0.6417E+08  0.4913E+07  0.0000E+00  0.0000E+00
       5       54       30       53        0        0                         0.1604E+11  0.5506E+07  0.5640E+08  0.1984E+08  0.6770E+08  0.4942E+07  0.0000E+00  0.0000E+00
       2       55        7       54        7        0                         0.1587E+11  0.1786E+07  0.5362E+08  0.1843E+08  0.6691E+08  0.6026E+07  0.0000E+00  0.0000E+00
       5       56       28       55        0        0                         0.1658E+11  0.7703E+07  0.6025E+08  0.2102E+08  0.7034E+08  0.6057E+07  0.0000E+00  0.0000E+00
       2       57        3       56        3        0                         0.1640E+11  0.2057E+07  0.5781E+08  0.1981E+08  0.6949E+08  0.7003E+07  0.0000E+00  0.0000E+00
       5       58        2       57        0        0                         0.1645E+11  0.2364E+07  0.5811E+08  0.1993E+08  0.6976E+08  0.7003E+07  0.0000E+00  0.0000E+00
       2       59        2       58        2        0                         0.1630E+11  0.2353E+07  0.5643E+08  0.1912E+08  0.6905E+08  0.7630E+07  0.0000E+00  0.0000E+00
      14       59        1        0        0        0                         0.1630E+11  0.2353E+07  0.5643E+08  0.1912E+08  0.6905E+08  0.7630E+07  0.0000E+00  0.0000E+00
